  [1m[36m (6.3ms)[0m  [1mCREATE TABLE "schema_migrations" ("version" varchar(255) NOT NULL) [0m
  [1m[35m (0.1ms)[0m  select sqlite_version(*)
  [1m[36m (0.9ms)[0m  [1mCREATE UNIQUE INDEX "unique_schema_migrations" ON "schema_migrations" ("version")[0m
  [1m[35mActiveRecord::SchemaMigration Load (0.1ms)[0m  SELECT "schema_migrations".* FROM "schema_migrations"
Migrating to CreateProjects (20130228190011)
  [1m[36m (0.1ms)[0m  [1mbegin transaction[0m
  [1m[35m (0.4ms)[0m  CREATE TABLE "projects" ("id" INTEGER PRIMARY KEY AUTOINCREMENT NOT NULL, "name" varchar(255), "description" text, "target_pledge_amount" decimal, "created_at" datetime, "updated_at" datetime) 
  [1m[36mSQL (0.1ms)[0m  [1mINSERT INTO "schema_migrations" ("version") VALUES (?)[0m  [["version", "20130228190011"]]
  [1m[35m (0.7ms)[0m  commit transaction
Migrating to AddFieldsToProjects (20130228190204)
  [1m[36m (0.0ms)[0m  [1mbegin transaction[0m
  [1m[35m (0.2ms)[0m  ALTER TABLE "projects" ADD "website" varchar(255)
  [1m[36m (0.1ms)[0m  [1mALTER TABLE "projects" ADD "pledging_ends_on" date[0m
  [1m[35mSQL (0.1ms)[0m  INSERT INTO "schema_migrations" ("version") VALUES (?)  [["version", "20130228190204"]]
  [1m[36m (0.7ms)[0m  [1mcommit transaction[0m
Migrating to AddMoreFieldsToProjects (20130228222855)
  [1m[35m (0.0ms)[0m  begin transaction
  [1m[36m (0.4ms)[0m  [1mALTER TABLE "projects" ADD "team_members" varchar(255)[0m
  [1m[35m (0.1ms)[0m  ALTER TABLE "projects" ADD "image_file_name" varchar(255)
  [1m[36mSQL (0.1ms)[0m  [1mINSERT INTO "schema_migrations" ("version") VALUES (?)[0m  [["version", "20130228222855"]]
  [1m[35m (2.4ms)[0m  commit transaction
  [1m[36mActiveRecord::SchemaMigration Load (0.1ms)[0m  [1mSELECT "schema_migrations".* FROM "schema_migrations"[0m
  [1m[36mActiveRecord::SchemaMigration Load (0.1ms)[0m  [1mSELECT "schema_migrations".* FROM "schema_migrations"[0m
  [1m[35m (0.1ms)[0m  begin transaction
  [1m[36mSQL (0.3ms)[0m  [1mINSERT INTO "projects" ("created_at", "description", "image_file_name", "name", "pledging_ends_on", "target_pledge_amount", "team_members", "updated_at", "website") VALUES (?, ?, ?, ?, ?, ?, ?, ?, ?)[0m  [["created_at", "2015-10-30 14:49:55.770303"], ["description", "A description of a start-up project"], ["image_file_name", "project-a.png"], ["name", "Start-Up Project"], ["pledging_ends_on", "2015-10-31"], ["target_pledge_amount", 100.0], ["team_members", "Amber, John, Charles"], ["updated_at", "2015-10-30 14:49:55.770303"], ["website", "http://project-a.com"]]
  [1m[35m (5.8ms)[0m  commit transaction
  [1m[36m (0.1ms)[0m  [1mbegin transaction[0m
  [1m[35mSQL (0.5ms)[0m  INSERT INTO "projects" ("created_at", "description", "image_file_name", "name", "pledging_ends_on", "target_pledge_amount", "team_members", "updated_at", "website") VALUES (?, ?, ?, ?, ?, ?, ?, ?, ?)  [["created_at", "2015-10-30 14:49:55.780073"], ["description", "A description of a community project"], ["image_file_name", "project-b.png"], ["name", "Community Project"], ["pledging_ends_on", "2015-11-06"], ["target_pledge_amount", 200.0], ["team_members", "Diana, Jane, Joe"], ["updated_at", "2015-10-30 14:49:55.780073"], ["website", "http://project-b.com"]]
  [1m[36m (1.3ms)[0m  [1mcommit transaction[0m
  [1m[35m (0.1ms)[0m  begin transaction
  [1m[36mSQL (0.2ms)[0m  [1mINSERT INTO "projects" ("created_at", "description", "image_file_name", "name", "pledging_ends_on", "target_pledge_amount", "team_members", "updated_at", "website") VALUES (?, ?, ?, ?, ?, ?, ?, ?, ?)[0m  [["created_at", "2015-10-30 14:49:55.783387"], ["description", "A description of a person project"], ["image_file_name", "project-c.png"], ["name", "Personal Project"], ["pledging_ends_on", "2015-11-30"], ["target_pledge_amount", 300.0], ["team_members", "Tom, Harry, Sally"], ["updated_at", "2015-10-30 14:49:55.783387"], ["website", "http://project-c.com"]]
  [1m[35m (1.5ms)[0m  commit transaction
  [1m[36m (10.7ms)[0m  [1mCREATE TABLE "projects" ("id" INTEGER PRIMARY KEY AUTOINCREMENT NOT NULL, "name" varchar(255), "description" text, "target_pledge_amount" decimal, "created_at" datetime, "updated_at" datetime, "website" varchar(255), "pledging_ends_on" date, "team_members" varchar(255), "image_file_name" varchar(255)) [0m
  [1m[35m (1.0ms)[0m  CREATE TABLE "schema_migrations" ("version" varchar(255) NOT NULL) 
  [1m[36m (0.1ms)[0m  [1mselect sqlite_version(*)[0m
  [1m[35m (0.8ms)[0m  CREATE UNIQUE INDEX "unique_schema_migrations" ON "schema_migrations" ("version")
  [1m[36m (0.1ms)[0m  [1mSELECT version FROM "schema_migrations"[0m
  [1m[35m (1.0ms)[0m  INSERT INTO "schema_migrations" (version) VALUES ('20130228222855')
  [1m[36m (2.0ms)[0m  [1mINSERT INTO "schema_migrations" (version) VALUES ('20130228190011')[0m
  [1m[35m (0.9ms)[0m  INSERT INTO "schema_migrations" (version) VALUES ('20130228190204')
