  [1m[36m (1.1ms)[0m  [1mCREATE TABLE "schema_migrations" ("version" varchar(255) NOT NULL) [0m
  [1m[35m (0.4ms)[0m  select sqlite_version(*)
  [1m[36m (0.8ms)[0m  [1mCREATE UNIQUE INDEX "unique_schema_migrations" ON "schema_migrations" ("version")[0m
  [1m[35mActiveRecord::SchemaMigration Load (0.1ms)[0m  SELECT "schema_migrations".* FROM "schema_migrations"
Migrating to CreateMovies (20121121163535)
  [1m[36m (0.1ms)[0m  [1mbegin transaction[0m
  [1m[35m (0.4ms)[0m  CREATE TABLE "movies" ("id" INTEGER PRIMARY KEY AUTOINCREMENT NOT NULL, "title" varchar(255), "rating" varchar(255), "total_gross" decimal, "created_at" datetime, "updated_at" datetime) 
  [1m[36mSQL (0.2ms)[0m  [1mINSERT INTO "schema_migrations" ("version") VALUES (?)[0m  [["version", "20121121163535"]]
  [1m[35m (0.8ms)[0m  commit transaction
Migrating to AddFieldsToMovies (20121121180707)
  [1m[36m (0.0ms)[0m  [1mbegin transaction[0m
  [1m[35m (0.6ms)[0m  ALTER TABLE "movies" ADD "description" text
  [1m[36m (0.1ms)[0m  [1mALTER TABLE "movies" ADD "released_on" date[0m
  [1m[35mSQL (0.1ms)[0m  INSERT INTO "schema_migrations" ("version") VALUES (?)  [["version", "20121121180707"]]
  [1m[36m (0.7ms)[0m  [1mcommit transaction[0m
Migrating to AddMoreFieldsToMovies (20121210234158)
  [1m[35m (0.1ms)[0m  begin transaction
  [1m[36m (0.2ms)[0m  [1mALTER TABLE "movies" ADD "cast" varchar(255)[0m
  [1m[35m (0.1ms)[0m  ALTER TABLE "movies" ADD "director" varchar(255)
  [1m[36m (0.1ms)[0m  [1mALTER TABLE "movies" ADD "duration" varchar(255)[0m
  [1m[35m (0.1ms)[0m  ALTER TABLE "movies" ADD "image_file_name" varchar(255)
  [1m[36mSQL (0.1ms)[0m  [1mINSERT INTO "schema_migrations" ("version") VALUES (?)[0m  [["version", "20121210234158"]]
  [1m[35m (0.6ms)[0m  commit transaction
Migrating to CreateReviews (20121217184756)
  [1m[36m (0.0ms)[0m  [1mbegin transaction[0m
  [1m[35m (0.2ms)[0m  CREATE TABLE "reviews" ("id" INTEGER PRIMARY KEY AUTOINCREMENT NOT NULL, "name" varchar(255), "stars" integer, "comment" text, "movie_id" integer, "created_at" datetime, "updated_at" datetime) 
  [1m[36m (0.1ms)[0m  [1mCREATE  INDEX "index_reviews_on_movie_id" ON "reviews" ("movie_id")[0m
  [1m[35mSQL (0.1ms)[0m  INSERT INTO "schema_migrations" ("version") VALUES (?)  [["version", "20121217184756"]]
  [1m[36m (0.7ms)[0m  [1mcommit transaction[0m
  [1m[35mActiveRecord::SchemaMigration Load (0.1ms)[0m  SELECT "schema_migrations".* FROM "schema_migrations"
  [1m[36m (0.1ms)[0m  [1m            SELECT sql
            FROM sqlite_master
            WHERE name='index_reviews_on_movie_id' AND type='index'
            UNION ALL
            SELECT sql
            FROM sqlite_temp_master
            WHERE name='index_reviews_on_movie_id' AND type='index'
[0m
  [1m[35mActiveRecord::SchemaMigration Load (0.1ms)[0m  SELECT "schema_migrations".* FROM "schema_migrations"
  [1m[36m (0.1ms)[0m  [1mbegin transaction[0m
  [1m[35mSQL (0.4ms)[0m  INSERT INTO "movies" ("cast", "created_at", "description", "director", "duration", "image_file_name", "rating", "released_on", "title", "total_gross", "updated_at") VALUES (?, ?, ?, ?, ?, ?, ?, ?, ?, ?, ?)  [["cast", "Robert Downey Jr., Gwyneth Paltrow and Terrence Howard"], ["created_at", "2015-11-25 02:04:53.892266"], ["description", "When wealthy industrialist Tony Stark is forced to build an armored suit after a life-threatening incident, he ultimately decides to use its technology to fight against evil."], ["director", "Jon Favreau"], ["duration", "126 min"], ["image_file_name", "ironman.jpg"], ["rating", "PG-13"], ["released_on", "2008-05-02"], ["title", "Iron Man"], ["total_gross", 318412101.0], ["updated_at", "2015-11-25 02:04:53.892266"]]
  [1m[36m (0.9ms)[0m  [1mcommit transaction[0m
  [1m[35m (0.0ms)[0m  begin transaction
  [1m[36mSQL (0.6ms)[0m  [1mINSERT INTO "movies" ("cast", "created_at", "description", "director", "duration", "image_file_name", "rating", "released_on", "title", "total_gross", "updated_at") VALUES (?, ?, ?, ?, ?, ?, ?, ?, ?, ?, ?)[0m  [["cast", "Christopher Reeve, Margot Kidder and Gene Hackman"], ["created_at", "2015-11-25 02:04:53.899224"], ["description", "An alien orphan is sent from his dying planet to Earth, where he grows up to become his adoptive home's first and greatest super-hero."], ["director", "Richard Donner"], ["duration", "143 min"], ["image_file_name", "superman.jpg"], ["rating", "PG"], ["released_on", "1978-12-15"], ["title", "Superman"], ["total_gross", 134218018.0], ["updated_at", "2015-11-25 02:04:53.899224"]]
  [1m[35m (0.8ms)[0m  commit transaction
  [1m[36m (0.0ms)[0m  [1mbegin transaction[0m
  [1m[35mSQL (0.2ms)[0m  INSERT INTO "movies" ("cast", "created_at", "description", "director", "duration", "image_file_name", "rating", "released_on", "title", "total_gross", "updated_at") VALUES (?, ?, ?, ?, ?, ?, ?, ?, ?, ?, ?)  [["cast", "Tobey Maguire, Kirsten Dunst and Willem Dafoe"], ["created_at", "2015-11-25 02:04:53.902021"], ["description", "When bitten by a genetically modified spider, a nerdy, shy, and awkward high school student gains spider-like abilities that he eventually must use to fight evil as a superhero after tragedy befalls his family."], ["director", "Sam Raimi"], ["duration", "121 min"], ["image_file_name", "spiderman.jpg"], ["rating", "PG-13"], ["released_on", "2002-05-03"], ["title", "Spider-Man"], ["total_gross", 403706375.0], ["updated_at", "2015-11-25 02:04:53.902021"]]
  [1m[36m (0.6ms)[0m  [1mcommit transaction[0m
  [1m[35m (0.1ms)[0m  begin transaction
  [1m[36mSQL (0.2ms)[0m  [1mINSERT INTO "movies" ("cast", "created_at", "description", "director", "duration", "image_file_name", "rating", "released_on", "title", "total_gross", "updated_at") VALUES (?, ?, ?, ?, ?, ?, ?, ?, ?, ?, ?)[0m  [["cast", "Michael Keaton, Jack Nicholson and Kim Basinger"], ["created_at", "2015-11-25 02:04:53.904819"], ["description", "The Dark Knight of Gotham City begins his war on crime with his first major enemy being the clownishly homicidal Joker."], ["director", "Tim Burton"], ["duration", "126 min"], ["image_file_name", "batman.jpg"], ["rating", "PG-13"], ["released_on", "1989-06-23"], ["title", "Batman"], ["total_gross", 251188924.0], ["updated_at", "2015-11-25 02:04:53.904819"]]
  [1m[35m (0.8ms)[0m  commit transaction
  [1m[36m (0.0ms)[0m  [1mbegin transaction[0m
  [1m[35mSQL (0.2ms)[0m  INSERT INTO "movies" ("cast", "created_at", "description", "director", "duration", "image_file_name", "rating", "released_on", "title", "total_gross", "updated_at") VALUES (?, ?, ?, ?, ?, ?, ?, ?, ?, ?, ?)  [["cast", "Halle Berry, Sharon Stone and Benjamin Bratt"], ["created_at", "2015-11-25 02:04:53.907384"], ["description", "Patience Philips seems destined to spend her life apologizing for taking up space. Despite her artistic ability&mdash;she has a more than respectable career as a graphic designer."], ["director", "Jean-Christophe 'Pitof' Comar"], ["duration", "101 min"], ["image_file_name", "catwoman.jpg"], ["rating", "PG-13"], ["released_on", "2004-07-23"], ["title", "Catwoman"], ["total_gross", 40200000.0], ["updated_at", "2015-11-25 02:04:53.907384"]]
  [1m[36m (0.7ms)[0m  [1mcommit transaction[0m
  [1m[35m (0.0ms)[0m  begin transaction
  [1m[36mSQL (0.2ms)[0m  [1mINSERT INTO "movies" ("cast", "created_at", "description", "director", "duration", "image_file_name", "rating", "released_on", "title", "total_gross", "updated_at") VALUES (?, ?, ?, ?, ?, ?, ?, ?, ?, ?, ?)[0m  [["cast", "Bruce Wayne, Gojira"], ["created_at", "2015-11-25 02:04:53.910021"], ["description", "An epic battle between The Caped Crusader and the fire-breathing dinosaur Gojira. Hang on to your popcorn, kids!"], ["director", "Ishiro Honda"], ["duration", "211 min"], ["image_file_name", "batman-vs-godzilla.jpg"], ["rating", "PG-13"], ["released_on", "2015-12-05"], ["title", "Batman vs. Godzilla"], ["total_gross", 387623910.0], ["updated_at", "2015-11-25 02:04:53.910021"]]
  [1m[35m (0.7ms)[0m  commit transaction
  [1m[36mMovie Load (0.2ms)[0m  [1mSELECT  "movies".* FROM "movies"  WHERE "movies"."title" = 'Iron Man' LIMIT 1[0m
  [1m[35m (0.0ms)[0m  begin transaction
  [1m[36mSQL (0.3ms)[0m  [1mINSERT INTO "reviews" ("comment", "created_at", "movie_id", "name", "stars", "updated_at") VALUES (?, ?, ?, ?, ?, ?)[0m  [["comment", "I laughed, I cried, I spilled my popcorn!"], ["created_at", "2015-11-25 02:04:53.943233"], ["movie_id", 1], ["name", "Roger Ebert"], ["stars", 3], ["updated_at", "2015-11-25 02:04:53.943233"]]
  [1m[35m (0.7ms)[0m  commit transaction
  [1m[36m (0.0ms)[0m  [1mbegin transaction[0m
  [1m[35mSQL (0.2ms)[0m  INSERT INTO "reviews" ("comment", "created_at", "movie_id", "name", "stars", "updated_at") VALUES (?, ?, ?, ?, ?, ?)  [["comment", "I'm a better reviewer than he is."], ["created_at", "2015-11-25 02:04:53.945887"], ["movie_id", 1], ["name", "Gene Siskel"], ["stars", 5], ["updated_at", "2015-11-25 02:04:53.945887"]]
  [1m[36m (0.7ms)[0m  [1mcommit transaction[0m
  [1m[35m (0.0ms)[0m  begin transaction
  [1m[36mSQL (0.2ms)[0m  [1mINSERT INTO "reviews" ("comment", "created_at", "movie_id", "name", "stars", "updated_at") VALUES (?, ?, ?, ?, ?, ?)[0m  [["comment", "It's been years since a movie superhero was this fierce and this funny."], ["created_at", "2015-11-25 02:04:53.947922"], ["movie_id", 1], ["name", "Peter Travers"], ["stars", 4], ["updated_at", "2015-11-25 02:04:53.947922"]]
  [1m[35m (0.6ms)[0m  commit transaction
  [1m[36mMovie Load (0.1ms)[0m  [1mSELECT  "movies".* FROM "movies"  WHERE "movies"."title" = 'Superman' LIMIT 1[0m
  [1m[35m (0.0ms)[0m  begin transaction
  [1m[36mSQL (0.2ms)[0m  [1mINSERT INTO "reviews" ("comment", "created_at", "movie_id", "name", "stars", "updated_at") VALUES (?, ?, ?, ?, ?, ?)[0m  [["comment", "It's a bird, it's a plane, it's a blockbuster!"], ["created_at", "2015-11-25 02:04:53.950704"], ["movie_id", 2], ["name", "Elvis Mitchell"], ["stars", 5], ["updated_at", "2015-11-25 02:04:53.950704"]]
  [1m[35m (0.7ms)[0m  commit transaction


Started GET "/" for 127.0.0.1 at 2015-11-24 20:05:44 -0600
  [1m[36mActiveRecord::SchemaMigration Load (0.1ms)[0m  [1mSELECT "schema_migrations".* FROM "schema_migrations"[0m
Processing by MoviesController#index as HTML
  [1m[35mMovie Load (0.5ms)[0m  SELECT "movies".* FROM "movies"  WHERE (released_on <= '2015-11-25 02:05:44.649586')  ORDER BY "movies"."released_on" DESC
  Rendered movies/index.html.erb within layouts/application (32.5ms)
  Rendered layouts/_header.html.erb (0.6ms)
  Rendered layouts/_flashes.html.erb (0.4ms)
  Rendered layouts/_sidebar.html.erb (0.5ms)
  Rendered layouts/_footer.html.erb (0.3ms)
Completed 200 OK in 817ms (Views: 801.8ms | ActiveRecord: 0.7ms)


Started GET "/assets/application.css?body=1" for 127.0.0.1 at 2015-11-24 20:05:45 -0600


Started GET "/assets/layout.css?body=1" for 127.0.0.1 at 2015-11-24 20:05:45 -0600


Started GET "/assets/normalize.css?body=1" for 127.0.0.1 at 2015-11-24 20:05:45 -0600


Started GET "/assets/jquery.js?body=1" for 127.0.0.1 at 2015-11-24 20:05:45 -0600


Started GET "/assets/elements.css?body=1" for 127.0.0.1 at 2015-11-24 20:05:45 -0600


Started GET "/assets/movies.css?body=1" for 127.0.0.1 at 2015-11-24 20:05:45 -0600


Started GET "/assets/buttons.css?body=1" for 127.0.0.1 at 2015-11-24 20:05:45 -0600


Started GET "/assets/forms.css?body=1" for 127.0.0.1 at 2015-11-24 20:05:45 -0600


Started GET "/assets/jquery_ujs.js?body=1" for 127.0.0.1 at 2015-11-24 20:05:45 -0600


Started GET "/assets/turbolinks.js?body=1" for 127.0.0.1 at 2015-11-24 20:05:45 -0600


Started GET "/assets/movies.js?body=1" for 127.0.0.1 at 2015-11-24 20:05:45 -0600


Started GET "/assets/application.js?body=1" for 127.0.0.1 at 2015-11-24 20:05:45 -0600


Started GET "/assets/reviews.js?body=1" for 127.0.0.1 at 2015-11-24 20:05:45 -0600


Started GET "/assets/ironman.jpg" for 127.0.0.1 at 2015-11-24 20:05:45 -0600


Started GET "/assets/batman.jpg" for 127.0.0.1 at 2015-11-24 20:05:45 -0600


Started GET "/assets/catwoman.jpg" for 127.0.0.1 at 2015-11-24 20:05:45 -0600


Started GET "/assets/spiderman.jpg" for 127.0.0.1 at 2015-11-24 20:05:45 -0600


Started GET "/assets/superman.jpg" for 127.0.0.1 at 2015-11-24 20:05:45 -0600


Started GET "/assets/logo.png" for 127.0.0.1 at 2015-11-24 20:05:45 -0600


Started GET "/assets/arrow.png" for 127.0.0.1 at 2015-11-24 20:05:45 -0600


Started GET "/assets/background.jpg" for 127.0.0.1 at 2015-11-24 20:05:45 -0600


Started GET "/assets/add.png" for 127.0.0.1 at 2015-11-24 20:05:45 -0600


Started GET "/movies/5" for 127.0.0.1 at 2015-11-24 20:06:01 -0600
Processing by MoviesController#show as HTML
  Parameters: {"id"=>"5"}
  [1m[36mMovie Load (0.2ms)[0m  [1mSELECT  "movies".* FROM "movies"  WHERE "movies"."id" = ? LIMIT 1[0m  [["id", 5]]
  [1m[35m (0.2ms)[0m  SELECT AVG("reviews"."stars") AS avg_id FROM "reviews"  WHERE "reviews"."movie_id" = ?  [["movie_id", 5]]
  [1m[36m (0.1ms)[0m  [1mSELECT COUNT(*) FROM "reviews"  WHERE "reviews"."movie_id" = ?[0m  [["movie_id", 5]]
  Rendered movies/show.html.erb within layouts/application (27.0ms)
  Rendered layouts/_header.html.erb (0.6ms)
  Rendered layouts/_flashes.html.erb (0.5ms)
  Rendered layouts/_sidebar.html.erb (0.5ms)
  Rendered layouts/_footer.html.erb (0.4ms)
Completed 200 OK in 92ms (Views: 88.1ms | ActiveRecord: 0.9ms)


Started GET "/movies/5/reviews/new" for 127.0.0.1 at 2015-11-24 20:06:03 -0600
Processing by ReviewsController#new as HTML
  Parameters: {"movie_id"=>"5"}
  [1m[35mMovie Load (0.2ms)[0m  SELECT  "movies".* FROM "movies"  WHERE "movies"."id" = ? LIMIT 1  [["id", 5]]
  Rendered shared/_errors.html.erb (3.3ms)
  Rendered reviews/new.html.erb within layouts/application (19.2ms)
  Rendered layouts/_header.html.erb (0.1ms)
  Rendered layouts/_flashes.html.erb (0.1ms)
  Rendered layouts/_sidebar.html.erb (0.1ms)
  Rendered layouts/_footer.html.erb (0.0ms)
Completed 200 OK in 94ms (Views: 85.3ms | ActiveRecord: 0.2ms)


Started POST "/movies/5/reviews" for 127.0.0.1 at 2015-11-24 20:06:18 -0600
Processing by ReviewsController#create as HTML
  Parameters: {"utf8"=>"✓", "authenticity_token"=>"yOm2TkrLO44QH3CCKDDTCj3NUwajaD6qgbNk5sK73h4=", "review"=>{"name"=>"Anne", "stars"=>"5", "comment"=>"It are like ghostwhisper. It are awesome. "}, "commit"=>"Post Review", "movie_id"=>"5"}
  [1m[36mMovie Load (0.1ms)[0m  [1mSELECT  "movies".* FROM "movies"  WHERE "movies"."id" = ? LIMIT 1[0m  [["id", 5]]
  [1m[35m (0.1ms)[0m  begin transaction
  [1m[36mSQL (0.4ms)[0m  [1mINSERT INTO "reviews" ("comment", "created_at", "movie_id", "name", "stars", "updated_at") VALUES (?, ?, ?, ?, ?, ?)[0m  [["comment", "It are like ghostwhisper. It are awesome. "], ["created_at", "2015-11-25 02:06:18.350029"], ["movie_id", 5], ["name", "Anne"], ["stars", 5], ["updated_at", "2015-11-25 02:06:18.350029"]]
  [1m[35m (0.7ms)[0m  commit transaction
Redirected to http://localhost:3000/movies/5/reviews
Completed 302 Found in 5ms (ActiveRecord: 1.3ms)


Started GET "/movies/5/reviews" for 127.0.0.1 at 2015-11-24 20:06:18 -0600
Processing by ReviewsController#index as HTML
  Parameters: {"movie_id"=>"5"}
  [1m[36mMovie Load (0.2ms)[0m  [1mSELECT  "movies".* FROM "movies"  WHERE "movies"."id" = ? LIMIT 1[0m  [["id", 5]]
  [1m[35mReview Load (0.2ms)[0m  SELECT "reviews".* FROM "reviews"  WHERE "reviews"."movie_id" = ?  [["movie_id", 5]]
  Rendered reviews/index.html.erb within layouts/application (2.7ms)
  Rendered layouts/_header.html.erb (0.1ms)
  Rendered layouts/_flashes.html.erb (0.1ms)
  Rendered layouts/_sidebar.html.erb (0.1ms)
  Rendered layouts/_footer.html.erb (0.0ms)
Completed 200 OK in 63ms (Views: 60.9ms | ActiveRecord: 0.4ms)


Started GET "/assets/normalize.css?body=1" for 127.0.0.1 at 2015-11-24 20:06:18 -0600


Started GET "/assets/jquery_ujs.js?body=1" for 127.0.0.1 at 2015-11-24 20:06:18 -0600


Started GET "/assets/application.js?body=1" for 127.0.0.1 at 2015-11-24 20:06:18 -0600


Started GET "/assets/jquery.js?body=1" for 127.0.0.1 at 2015-11-24 20:06:18 -0600


Started GET "/assets/turbolinks.js?body=1" for 127.0.0.1 at 2015-11-24 20:06:18 -0600


Started GET "/assets/reviews.js?body=1" for 127.0.0.1 at 2015-11-24 20:06:18 -0600


Started GET "/assets/movies.js?body=1" for 127.0.0.1 at 2015-11-24 20:06:18 -0600


Started GET "/" for 127.0.0.1 at 2015-11-24 20:06:20 -0600
Processing by MoviesController#index as HTML
  [1m[36mMovie Load (0.2ms)[0m  [1mSELECT "movies".* FROM "movies"  WHERE (released_on <= '2015-11-25 02:06:20.860319')  ORDER BY "movies"."released_on" DESC[0m
  Rendered movies/index.html.erb within layouts/application (4.0ms)
  Rendered layouts/_header.html.erb (0.1ms)
  Rendered layouts/_flashes.html.erb (0.1ms)
  Rendered layouts/_sidebar.html.erb (0.2ms)
  Rendered layouts/_footer.html.erb (0.0ms)
Completed 200 OK in 63ms (Views: 62.0ms | ActiveRecord: 0.2ms)


Started GET "/assets/spiderman.jpg" for 127.0.0.1 at 2015-11-24 20:06:20 -0600


Started GET "/assets/ironman.jpg" for 127.0.0.1 at 2015-11-24 20:06:20 -0600


Started GET "/assets/catwoman.jpg" for 127.0.0.1 at 2015-11-24 20:06:20 -0600


Started GET "/assets/batman.jpg" for 127.0.0.1 at 2015-11-24 20:06:20 -0600


Started GET "/assets/superman.jpg" for 127.0.0.1 at 2015-11-24 20:06:20 -0600
  [1m[36mActiveRecord::SchemaMigration Load (0.4ms)[0m  [1mSELECT "schema_migrations".* FROM "schema_migrations"[0m
Migrating to CreateUsers (20151125024549)
  [1m[35m (0.1ms)[0m  begin transaction
  [1m[36m (0.4ms)[0m  [1mCREATE TABLE "users" ("id" INTEGER PRIMARY KEY AUTOINCREMENT NOT NULL, "name" varchar(255), "email" varchar(255), "password_digest" varchar(255), "created_at" datetime, "updated_at" datetime) [0m
  [1m[35mSQL (0.2ms)[0m  INSERT INTO "schema_migrations" ("version") VALUES (?)  [["version", "20151125024549"]]
  [1m[36m (0.8ms)[0m  [1mcommit transaction[0m
  [1m[35mActiveRecord::SchemaMigration Load (0.1ms)[0m  SELECT "schema_migrations".* FROM "schema_migrations"
  [1m[36m (0.1ms)[0m  [1m            SELECT sql
            FROM sqlite_master
            WHERE name='index_reviews_on_movie_id' AND type='index'
            UNION ALL
            SELECT sql
            FROM sqlite_temp_master
            WHERE name='index_reviews_on_movie_id' AND type='index'
[0m
  [1m[36m (0.1ms)[0m  [1mbegin transaction[0m
  [1m[35mUser Exists (0.6ms)[0m  SELECT  1 AS one FROM "users"  WHERE "users"."email" IS NULL LIMIT 1
  [1m[36m (0.1ms)[0m  [1mrollback transaction[0m
  [1m[35m (0.1ms)[0m  begin transaction
  [1m[36mUser Exists (0.2ms)[0m  [1mSELECT  1 AS one FROM "users"  WHERE LOWER("users"."email") = LOWER('mike@email.com') LIMIT 1[0m
Binary data inserted for `string` type on column `password_digest`
  [1m[35mSQL (5.1ms)[0m  INSERT INTO "users" ("created_at", "email", "name", "password_digest", "updated_at") VALUES (?, ?, ?, ?, ?)  [["created_at", "2015-11-25 02:50:52.906545"], ["email", "mike@email.com"], ["name", "Mike"], ["password_digest", "$2a$10$iIXx/bLnkOesf0x/Wz52Red7rSxScHI8WAXwqugHOnCWFfSm59HS6"], ["updated_at", "2015-11-25 02:50:52.906545"]]
  [1m[36m (1.1ms)[0m  [1mcommit transaction[0m
  [1m[35m (0.1ms)[0m  begin transaction
  [1m[36mSQL (0.4ms)[0m  [1mDELETE FROM "users" WHERE "users"."id" = ?[0m  [["id", 1]]
  [1m[35m (4.9ms)[0m  commit transaction
  [1m[36m (0.1ms)[0m  [1mbegin transaction[0m
  [1m[35mUser Exists (0.2ms)[0m  SELECT  1 AS one FROM "users"  WHERE LOWER("users"."email") = LOWER('mike@email.com') LIMIT 1
  [1m[36m (0.1ms)[0m  [1mcommit transaction[0m
  [1m[35m (0.1ms)[0m  begin transaction
  [1m[36m (0.0ms)[0m  [1mcommit transaction[0m
  [1m[35m (0.1ms)[0m  begin transaction
  [1m[36mUser Exists (0.2ms)[0m  [1mSELECT  1 AS one FROM "users"  WHERE LOWER("users"."email") = LOWER('larry@email.com') LIMIT 1[0m
  [1m[35m (0.0ms)[0m  rollback transaction
  [1m[36m (0.1ms)[0m  [1mbegin transaction[0m
  [1m[35mUser Exists (0.2ms)[0m  SELECT  1 AS one FROM "users"  WHERE LOWER("users"."email") = LOWER('larry@email.com') LIMIT 1
  [1m[36m (0.1ms)[0m  [1mrollback transaction[0m
  [1m[35m (0.1ms)[0m  begin transaction
  [1m[36mUser Exists (0.3ms)[0m  [1mSELECT  1 AS one FROM "users"  WHERE LOWER("users"."email") = LOWER('larry@email.com') LIMIT 1[0m
Binary data inserted for `string` type on column `password_digest`
  [1m[35mSQL (0.4ms)[0m  INSERT INTO "users" ("created_at", "email", "name", "password_digest", "updated_at") VALUES (?, ?, ?, ?, ?)  [["created_at", "2015-11-25 02:55:20.653820"], ["email", "larry@email.com"], ["name", "Larry"], ["password_digest", "$2a$10$apkZaOD1DOOyT.8ORwTyw.NavTTanAK16g1ySv1DGzxCHIPm8flnG"], ["updated_at", "2015-11-25 02:55:20.653820"]]
  [1m[36m (5.0ms)[0m  [1mcommit transaction[0m
  [1m[35mUser Load (0.2ms)[0m  SELECT "users".* FROM "users"
  [1m[36m (0.2ms)[0m  [1mSELECT COUNT(*) FROM "users"[0m
  [1m[35m (0.1ms)[0m  begin transaction
  [1m[36mUser Exists (0.2ms)[0m  [1mSELECT  1 AS one FROM "users"  WHERE LOWER("users"."email") = LOWER('curly@email.com') LIMIT 1[0m
Binary data inserted for `string` type on column `password_digest`
  [1m[35mSQL (0.4ms)[0m  INSERT INTO "users" ("created_at", "email", "name", "password_digest", "updated_at") VALUES (?, ?, ?, ?, ?)  [["created_at", "2015-11-25 02:57:04.180714"], ["email", "curly@email.com"], ["name", "Curly"], ["password_digest", "$2a$10$hMxBqBLiRRVOMLjo0tFFbeDpoxIaTiphlz9U9HZ0kaDB/flDg0gSq"], ["updated_at", "2015-11-25 02:57:04.180714"]]
  [1m[36m (4.8ms)[0m  [1mcommit transaction[0m
  [1m[35mUser Load (0.2ms)[0m  SELECT  "users".* FROM "users"  WHERE "users"."email" = 'curly@email.com' LIMIT 1
  [1m[36mUser Load (0.2ms)[0m  [1mSELECT "users".* FROM "users"[0m
  [1m[35m (0.1ms)[0m  begin transaction
  [1m[36mUser Exists (0.1ms)[0m  [1mSELECT  1 AS one FROM "users"  WHERE LOWER("users"."email") = LOWER('larry@email.com') LIMIT 1[0m
  [1m[35m (0.0ms)[0m  rollback transaction
  [1m[36m (0.1ms)[0m  [1mbegin transaction[0m
  [1m[35mUser Exists (0.2ms)[0m  SELECT  1 AS one FROM "users"  WHERE LOWER("users"."email") = LOWER('larry@email.com') LIMIT 1
  [1m[36m (0.1ms)[0m  [1mrollback transaction[0m
